Unity Player [version: Unity 5.0.0f4_5b98b70ebeb9]

MetaVisionDLL.dll caused an Access Violation (0xc0000005)
  in module MetaVisionDLL.dll at 0023:6f2d6adc.

Error occurred at 2015-03-07_183220.
C:\Users\kaharri\Documents\GitHub\metahack\SWPlanets.exe, run by kaharri.
70% memory in use.
0 MB physical memory [2334 MB free].
0 MB paging file [0 MB free].
0 MB user address space [3701 MB free].
Read from location 00000000 caused an access violation.

Context:
EDI:    0xffffffff  ESI: 0x00000000  EAX:   0x08c72bec
EBX:    0x08c72be8  ECX: 0x00000000  EDX:   0x0c2104d0
EIP:    0x6f2d6adc  EBP: 0x0148f558  SegCs: 0x00000023
EFlags: 0x00010246  ESP: 0x0148f540  SegSs: 0x0000002b

Bytes at CS:EIP:
8b 01 8d 55 f4 52 ff 50 0c 8b 75 f8 5b 85 f6 74 

Stack:
0x0148f540: 0483f500 0148f8bc 0d900a60 0c2104d0 ......H.`.....!.
0x0148f550: 08c72be8 0c2104d0 0148f588 0486ea59 .+....!...H.Y...
0x0148f560: 0148f588 03fa1108 03fa0868 0d900a60 ..H.....h...`...
0x0148f570: 0486ea49 0483f500 0148f8bc 0d900a60 I.........H.`...
0x0148f580: 0148f588 0486ea3c 0148f598 0486ea23 ..H.<.....H.#...
0x0148f590: 098a9c80 0148f5a8 0148f5e0 0483f541 ......H...H.A...
0x0148f5a0: 03f6cf28 00000000 0148f5c8 1011083a (.........H.:...
0x0148f5b0: 03fa0000 00000000 0000000c 00000000 ................
0x0148f5c0: 040c0600 00000000 00000000 10001d44 ............D...
0x0148f5d0: 0000000c 098fe168 040c09b0 0d900a60 ....h.......`...
0x0148f5e0: 0148f610 100f04ce 03f6cf28 0148f7e8 ..H.....(.....H.
0x0148f5f0: 0148f8bc 0486ea00 00010000 06ea2120 ..H......... !..
0x0148f600: 098fe168 00000000 03f34e70 00000000 h.......pN......
0x0148f610: 0148f634 1005d7cb 098fe168 03f6cf28 4.H.....h...(...
0x0148f620: 0148f7e8 0148f8bc 0148f8bc 0148f778 ..H...H...H.x.H.
0x0148f630: 06ea2120 0148f64c 004b410e 098fe168  !..L.H..AK.h...
0x0148f640: 03f6cf28 0148f7e8 0148f8bc 0148f68c (.....H...H...H.
0x0148f650: 0055d089 098fe168 0a0dfa01 03f6cf28 ..U.h.......(...
0x0148f660: 0148f798 0148f8bc 00000000 06ea2120 ..H...H..... !..
0x0148f670: 0262037d 00000004 00000000 0055ca24 }.b.........$.U.
0x0148f680: 0148f798 00000000 00000050 0148f69c ..H.....P.....H.
0x0148f690: 0055d0fe 0148f8bc 00000000 0148f880 ..U...H.......H.
0x0148f6a0: 004a4a58 0148f8bc 03f6cf28 00000000 XJJ...H.(.......
0x0148f6b0: 0148f740 0148f6e0 0148f760 0148f720 @.H...H.`.H. .H.
0x0148f6c0: 0148f730 0148f710 0148f6f0 1715b4a7 0.H...H...H.....
0x0148f6d0: 0148f6e4 6fe52e58 00000000 0262037d ..H.X..o....}.b.
0x0148f6e0: 00000001 0148f734 75e8b935 003f0c98 ....4.H.5..u..?.
0x0148f6f0: 00000084 00000000 75e8b109 0df0c00e ...........u....
0x0148f700: 00000000 779dabd0 75e8b123 0148f724 .......w#..u$.H.
0x0148f710: 00000001 00000001 0df0c00e 0148f750 ............P.H.
0x0148f720: 0039532f 0148f838 75ebf160 7950860a /S9.8.H.`..u..Py
0x0148f730: fffffffe 0148f754 713bc3b2 003f0c98 ....T.H...;q..?.
0x0148f740: 00000084 00000000 0262037d 713bc3bd ........}.b...;q
0x0148f750: 003f0c98 00000084 779f9ac4 003f0c98 ..?........w..?.
0x0148f760: 00000084 00000000 0262037d 005ba3a0 ........}.b...[.
0x0148f770: 00000084 0262037d 00f29e7c 098fe168 ....}.b.|...h...
0x0148f780: 0a0dfa01 03f6cf28 00000000 00000000 ....(...........
0x0148f790: 003f0001 00000000 00000000 00000000 ..?.............
0x0148f7a0: 00000000 00000000 00000000 00000000 ................
0x0148f7b0: 00000000 00000000 00000000 00000000 ................
0x0148f7c0: 00000000 00000000 00000000 00000000 ................
0x0148f7d0: 00000000 00000000 00000000 00000000 ................
0x0148f7e0: 00000000 00000000 00000000 00000000 ................
0x0148f7f0: 00000000 00000000 00000000 00000000 ................
0x0148f800: 00000000 00000000 00000000 00000000 ................
0x0148f810: 00000000 00000000 00000000 00000000 ................
0x0148f820: 00000000 00000000 00000000 00000000 ................
0x0148f830: 00000000 00000000 00000000 75ebf160 ............`..u
0x0148f840: 7950a762 fffffffe 0148f8a8 75e8932c b.Py......H.,..u
0x0148f850: 005ba3a0 00000000 00000084 00000000 ..[.............
0x0148f860: 06ea2120 fec2d000 00000001 0df0cf92  !..............
0x0148f870: 03be0620 779dadf0 00000000 00000000  ......w........
0x0148f880: 0148f8c0 004a4dcb 098fe168 0a0dfa01 ..H..MJ.h.......
0x0148f890: 00000000 0148f8bc 0300ff08 06ea2120 ......H..... !..
0x0148f8a0: 7950a4f2 fffffffe 03cc91b8 0300ff08 ..Py............
0x0148f8b0: 02fd7f50 000032fe 03cc9200 00000000 P....2..........
0x0148f8c0: 0148f8e0 004a55a0 098fe168 0a0dfa01 ..H..UJ.h.......
0x0148f8d0: 00000000 00000000 03cc91b8 0a0dfa01 ................
0x0148f8e0: 0148f950 00484e77 06ea2120 00000000 P.H.wNH. !......
0x0148f8f0: 4a719fa0 0000000e 00000000 02fd7f50 ..qJ........P...
0x0148f900: 0de01138 0de01b80 02fd7f50 0de01b80 8.......P.......
0x0148f910: 0de01b80 03be0620 03674620 00000000 .... ... Fg.....
0x0148f920: 00000000 77a11e6b 03be0620 00000001 ....k..w .......
0x0148f930: 3ca3d70a 0148f954 03cc9200 00000001 ...<T.H.........
0x0148f940: 004a5550 06ea2120 00000000 0300fee0 PUJ. !..........
0x0148f950: 0148fa3c 00523139 00000004 00000000 <.H.91R.........
0x0148f960: 00000000 75e99c00 00000000 00000000 .......u........
0x0148f970: 00000000 00000000 0148f9d8 004f1f1a ..........H...O.
0x0148f980: 0148f900 03692590 00000000 03692590 ..H..%i......%i.
0x0148f990: 0148f9ec 004e7e57 00000001 0038546d ..H.W~N.....mT8.
0x0148f9a0: 00000000 0148f9b4 00362297 034d0040 ......H.."6.@.M.
0x0148f9b0: 00000059 0148f9f4 0051df76 03692590 Y.....H.v.Q..%i.
0x0148f9c0: 00000000 03692590 00000000 00000000 .....%i.........
0x0148f9d0: 00000020 75000000 0148fa18 0148fa18  ......u..H...H.
0x0148f9e0: 004e7e57 00000001 003857d3 75e99c00 W~N......W8....u
0x0148f9f0: 00000000 03692590 00000000 80000000 .....%i.........
0x0148fa00: 0148fa34 75e99d4d 00000000 00000000 4.H.M..u........
0x0148fa10: 03674620 03692590 0148fa38 0038a902  Fg..%i.8.H...8.
0x0148fa20: 00000000 00000000 fec2d800 00000001 ................
0x0148fa30: 00000001 03be0620 0148fa48 0148fa78 .... ...H.H.x.H.
0x0148fa40: 005ba951 00000000 00000001 00000000 Q.[.............
0x0148fa50: 00000010 00000000 003f0c98 00000200 ..........?.....
0x0148fa60: 00000000 0262037d 01806a76 0000037d ....}.b.vj..}...
0x0148fa70: 00000262 00000534 0148fbac 005bc3a0 b...4.....H...[.
0x0148fa80: 00928e32 00000000 fec27000 02fe3b70 2........p..p;..
0x0148fa90: 01c0003f 000001ff 00000000 00000042 ?...........B...
0x0148faa0: 0000004f 00000fff 02fe3b20 015f2d28 O....... ;..(-_.
0x0148fab0: 0106a720 7fffffff 00000047 0000004f  .......G...O...
0x0148fac0: 015f2d28 0106a720 0000000f 0000000f (-_. ...........
0x0148fad0: 7fffffff 00000000 01115908 015f2060 .........Y..` _.
0x0148fae0: 0000000f 0148fb00 0148fb18 00943e99 ......H...H..>..
0x0148faf0: 015f2d28 0106a720 0000000f 02fe3d00 (-_. ........=..
0x0148fb00: 7fffffff 00000000 01115908 00000048 .........Y..H...
0x0148fb10: 0000004f 0148fb00 02fd7a90 0093331c O.....H..z...3..
0x0148fb20: 015f2d28 0106a720 00000039 0000003f (-_. ...9...?...
0x0148fb30: 00000004 616e614d 00646567 015f2060 ....Managed.` _.
0x0148fb40: 756e6547 00000007 0000000f 00000000 Genu............
0x0148fb50: 016933f0 02fd79d0 02fd7a08 02fd7a08 .3i..y...z...z..
0x0148fb60: 0148fb90 72637300 696e6565 6c640064 ..H..screenid.dl
0x0148fb70: 0092006c 00000000 0000000f 0148fb9c l.............H.
0x0148fb80: 00000000 0148fb9c 00923917 017a5631 ......H..9..1Vz.
0x0148fb90: 00000000 0000000f 00000000 00000000 ................
0x0148fba0: 016933f0 00000000 01693430 0148fbc4 .3i.....04i...H.
0x0148fbb0: 008f1d98 00360000 00000000 017a5633 ......6.....3Vz.
0x0148fbc0: 00000001 0148fc54 00928ddf 00360000 ....T.H.......6.
0x0148fbd0: 00000000 017a5633 00000001 4f386cd0 ....3Vz......l8O
0x0148fbe0: 00928e32 00928e32 fec27000 00000044 2...2....p..D...
0x0148fbf0: 017a2cac 017a2c8c 017a2c1a 00000000 .,z..,z..,z.....
0x0148fc00: 00000000 00000000 00000000 00000000 ................
0x0148fc10: 00000000 00000000 00000401 00000001 ................
0x0148fc20: 00000000 00000000 00010001 00000000 ................
0x0148fc30: c0000005 00928e32 00000000 0148fbdc ....2.........H.
0x0148fc40: 0148ef6c 0148fca0 0092aa00 4f7b3fcc l.H...H......?{O
0x0148fc50: 00000000 0148fc68 75ff7c04 fec27000 ....h.H..|.u.p..
0x0148fc60: 75ff7be0 0e0e49fe 0148fcb0 77a0b5af .{.u.I....H....w
0x0148fc70: fec27000 0fab19a6 00000000 00000000 .p..............
0x0148fc80: fec27000 c0000005 761df510 00007ffd .p.........v....
0x0148fc90: 0148ef4c 0fab19a6 0148fc74 0148ef4c L.H.....t.H.L.H.
0x0148fca0: 0148fcb8 77a48060 794350d6 00000000 ..H.`..w.PCy....
0x0148fcb0: 0148fcc0 77a0b57a ffffffff 779f042f ..H.z..w..../..w
0x0148fcc0: 00000000 00000000 00928e32 fec27000 ........2....p..
0x0148fcd0: 00000000 00000000 00000000 00000000 ................
0x0148fce0: 00000000 00000000 00000000 00000000 ................
0x0148fcf0: 00000000 00000000 00000000 00000000 ................
0x0148fd00: 00000000 00000000 00000000 00000000 ................
0x0148fd10: 00000000 00000000 00000000 00000000 ................
0x0148fd20: 00000000 00000000 00000000 00000000 ................
0x0148fd30: 00000000 00000000 00000000 00000000 ................
0x0148fd40: 00000000 00000000 00000000 00000000 ................
0x0148fd50: 00000000 00000000 00000000 00000000 ................
0x0148fd60: 00000000 00000000 00000000 00000000 ................
0x0148fd70: 00000000 00000000 00000000 00000000 ................
0x0148fd80: 00000000 00000000 00000000 00000000 ................
0x0148fd90: 00000000 00000000 00000000 00000000 ................
0x0148fda0: 00000000 00000000 00000000 00000000 ................
0x0148fdb0: 00000000 00000000 00000000 00000000 ................
0x0148fdc0: 00000000 00000000 00000000 00000000 ................
0x0148fdd0: 00000000 00000000 00000000 00000000 ................
0x0148fde0: 00000000 00000000 00000000 00000000 ................
0x0148fdf0: 00000000 00000000 00000000 00000000 ................
0x0148fe00: 00000000 00000000 00000000 00000000 ................
0x0148fe10: 00000000 00000000 00000000 00000000 ................
0x0148fe20: 00000000 00000000 00000000 00000000 ................
0x0148fe30: 00000000 00000000 00000000 00000000 ................
0x0148fe40: 00000000 00000000 00000000 00000000 ................
0x0148fe50: 00000000 00000000 00000000 00000000 ................
0x0148fe60: 00000000 00000000 00000000 00000000 ................
0x0148fe70: 00000000 00000000 00000000 00000000 ................
0x0148fe80: 00000000 00000000 00000000 00000000 ................
0x0148fe90: 00000000 00000000 00000000 00000000 ................
0x0148fea0: 00000000 00000000 00000000 00000000 ................
0x0148feb0: 00000000 00000000 00000000 00000000 ................
0x0148fec0: 00000000 00000000 00000000 00000000 ................
0x0148fed0: 00000000 00000000 00000000 00000000 ................
0x0148fee0: 00000000 00000000 00000000 00000000 ................
0x0148fef0: 00000000 00000000 00000000 00000000 ................
0x0148ff00: 00000000 00000000 00000000 00000000 ................
0x0148ff10: 00000000 00000000 00000000 00000000 ................
0x0148ff20: 00000000 00000000 00000000 00000000 ................
0x0148ff30: 00000000 00000000 00000000 00000000 ................
0x0148ff40: 00000000 00000000 00000000 00000000 ................
0x0148ff50: 00000000 00000000 00000000 00000000 ................
0x0148ff60: 00000000 00000000 00000000 00000000 ................
0x0148ff70: 00000000 00000000 00000000 00000000 ................
0x0148ff80: 00000000 00000000 00000000 00000000 ................
0x0148ff90: 00000000 00000000 00000000 00000000 ................
0x0148ffa0: 00000000 00000000 00000000 00000000 ................
0x0148ffb0: 00000000 00000000 00000000 00000000 ................
0x0148ffc0: 00000000 00000000 00000000 00000000 ................
0x0148ffd0: 00000000 00000000 00000000 00000000 ................
0x0148ffe0: 00000000 00000000 00000000 00000000 ................
0x0148fff0: 00000000 00000000 00000000 00000000 ................

Module 1
C:\Users\kaharri\Documents\GitHub\metahack\SWPlanets.exe
Image Base: 0x00360000  Image Size: 0x00fa9000
File Size:  15651616    File Time:  2015-02-24_091342
Version:
   Company:    
   Product:    
   FileDesc:   
   FileVer:    5.0.0.39095
   ProdVer:    5.0.0.39095

Module 2
C:\Program Files (x86)\Meta\Meta SDK\Libraries\opencv\opencv_video246.dll
Image Base: 0x03600000  Image Size: 0x00060000
File Size:  379392      File Time:  2013-07-01_200822
Version:
   Company:    
   Product:    
   FileDesc:   
   FileVer:    0.0.0.0
   ProdVer:    0.0.0.0

Module 3
C:\WINDOWS\SYSTEM32\xinput1_3.dll
Image Base: 0x00400000  Image Size: 0x00016000
File Size:  81768       File Time:  2007-04-04_185342
Version:
   Company:    Microsoft Corporation
   Product:    Microsoft® DirectX for Windows®
   FileDesc:   Microsoft Common Controller API
   FileVer:    9.18.944.0
   ProdVer:    9.18.944.0

Module 4
C:\Program Files (x86)\Meta\Meta SDK\Libraries\opencv\opencv_core246.dll
Image Base: 0x0ed60000  Image Size: 0x0020f000
File Size:  2137600     File Time:  2013-07-01_200644
Version:
   Company:    
   Product:    
   FileDesc:   
   FileVer:    0.0.0.0
   ProdVer:    0.0.0.0

Module 5
C:\WINDOWS\SYSTEM32\MSVCR110.dll
Image Base: 0x0ef70000  Image Size: 0x000d6000
File Size:  875472      File Time:  2012-11-06_002052
Version:
   Company:    Microsoft Corporation
   Product:    Microsoft® Visual Studio® 2012
   FileDesc:   Microsoft® C Runtime Library
   FileVer:    11.0.51106.1
   ProdVer:    11.0.51106.1

Module 6
C:\Program Files (x86)\Meta\Meta SDK\Libraries\opencv\opencv_calib3d246.dll
Image Base: 0x0f050000  Image Size: 0x000ca000
File Size:  813568      File Time:  2013-07-01_200804
Version:
   Company:    
   Product:    
   FileDesc:   
   FileVer:    0.0.0.0
   ProdVer:    0.0.0.0

Module 7
C:\Program Files\ThinkPad\Bluetooth Software\SysWOW64\BtMmHook.dll
Image Base: 0x0f200000  Image Size: 0x00036000
File Size:  199544      File Time:  2012-10-21_194316
Version:
   Company:    Broadcom Corporation.
   Product:    Bluetooth Software
   FileDesc:   Multimedia Keys Hook DLL
   FileVer:    12.0.0.3600
   ProdVer:    12.0.0.3600

Module 8
C:\WINDOWS\SYSTEM32\MSVCP110.dll
Image Base: 0x0f2c0000  Image Size: 0x00085000
File Size:  535008      File Time:  2012-11-06_002052
Version:
   Company:    Microsoft Corporation
   Product:    Microsoft® Visual Studio® 2012
   FileDesc:   Microsoft® C Runtime Library
   FileVer:    11.0.51106.1
   ProdVer:    11.0.51106.1

Module 9
C:\Program Files (x86)\Meta\Meta SDK\Libraries\opencv\opencv_highgui246.dll
Image Base: 0x0f350000  Image Size: 0x0021e000
File Size:  2171904     File Time:  2013-07-01_200716
Version:
   Company:    
   Product:    
   FileDesc:   
   FileVer:    0.0.0.0
   ProdVer:    0.0.0.0

Module 10
C:\Program Files (x86)\Meta\Meta SDK\Libraries\opencv\opencv_imgproc246.dll
Image Base: 0x0f570000  Image Size: 0x0026a000
File Size:  1908224     File Time:  2013-07-01_200710
Version:
   Company:    
   Product:    
   FileDesc:   
   FileVer:    0.0.0.0
   ProdVer:    0.0.0.0

Module 11
C:\Program Files (x86)\Meta\Meta SDK\Libraries\opencv\opencv_flann246.dll
Image Base: 0x0f7e0000  Image Size: 0x00084000
File Size:  527360      File Time:  2013-07-01_200650
Version:
   Company:    
   Product:    
   FileDesc:   
   FileVer:    0.0.0.0
   ProdVer:    0.0.0.0

Module 12
C:\Program Files (x86)\Meta\Meta SDK\Libraries\opencv\opencv_legacy246.dll
Image Base: 0x0fe50000  Image Size: 0x0013e000
File Size:  1283072     File Time:  2013-07-01_200852
Version:
   Company:    
   Product:    
   FileDesc:   
   FileVer:    0.0.0.0
   ProdVer:    0.0.0.0

Module 13
C:\Program Files (x86)\Meta\DepthSenseSDK\bin\turbojpeg.dll
Image Base: 0x0ff90000  Image Size: 0x00066000
File Size:  332800      File Time:  2012-01-26_051110
Version:
   Company:    
   Product:    
   FileDesc:   
   FileVer:    0.0.0.0
   ProdVer:    0.0.0.0

Module 14
C:\Users\kaharri\Documents\GitHub\metahack\SWPlanets_Data\Mono\mono.dll
Image Base: 0x10000000  Image Size: 0x0022f000
File Size:  2102784     File Time:  2015-02-24_082944
Version:
   Company:    
   Product:    
   FileDesc:   
   FileVer:    0.0.0.0
   ProdVer:    0.0.0.0

Module 15
C:\Program Files (x86)\Meta\Meta SDK\Libraries\opencv\opencv_contrib246.dll
Image Base: 0x10a30000  Image Size: 0x00129000
File Size:  1203712     File Time:  2013-07-01_200836
Version:
   Company:    
   Product:    
   FileDesc:   
   FileVer:    0.0.0.0
   ProdVer:    0.0.0.0

Module 16
C:\Program Files (x86)\Meta\DepthSenseSDK\bin\DepthSense.dll
Image Base: 0x0fca0000  Image Size: 0x00155000
File Size:  1381888     File Time:  2014-08-28_033818
Version:
   Company:    SoftKinetic International SA
   Product:    DepthSenseSDK
   FileDesc:   DepthSense Core Library
   FileVer:    1.5.0.1637
   ProdVer:    1.5.0.1637

Module 17
C:\Program Files (x86)\Meta\Meta SDK\Libraries\opencv\opencv_features2d246.dll
Image Base: 0x10cc0000  Image Size: 0x000bd000
File Size:  757248      File Time:  2013-07-01_200754
Version:
   Company:    
   Product:    
   FileDesc:   
   FileVer:    0.0.0.0
   ProdVer:    0.0.0.0

Module 18
C:\Program Files (x86)\Meta\Meta SDK\Libraries\opencv\opencv_ml246.dll
Image Base: 0x10d80000  Image Size: 0x00081000
File Size:  513024      File Time:  2013-07-01_200808
Version:
   Company:    
   Product:    
   FileDesc:   
   FileVer:    0.0.0.0
   ProdVer:    0.0.0.0

Module 19
C:\Program Files (x86)\Meta\Meta SDK\Libraries\opencv\opencv_objdetect246.dll
Image Base: 0x10e10000  Image Size: 0x000ac000
File Size:  690688      File Time:  2013-07-01_200816
Version:
   Company:    
   Product:    
   FileDesc:   
   FileVer:    0.0.0.0
   ProdVer:    0.0.0.0

Module 20
C:\Program Files (x86)\Meta\DepthSenseSDK\bin\DepthSensePlugins.dll
Image Base: 0x10ec0000  Image Size: 0x000a1000
File Size:  646144      File Time:  2014-08-28_033724
Version:
   Company:    SoftKinetic International SA
   Product:    DepthSenseSDK
   FileDesc:   DepthSense Plugins Library
   FileVer:    1.5.0.1637
   ProdVer:    1.5.0.1637

Module 21
C:\WINDOWS\SYSTEM32\MSVFW32.dll
Image Base: 0x1b170000  Image Size: 0x00023000
File Size:  123392      File Time:  2014-10-28_175126
Version:
   Company:    Microsoft Corporation
   Product:    Microsoft® Windows® Operating System
   FileDesc:   Microsoft Video for Windows DLL
   FileVer:    6.3.9600.17415
   ProdVer:    6.3.9600.17415

Module 22
C:\WINDOWS\SYSTEM32\AVIFIL32.dll
Image Base: 0x1be90000  Image Size: 0x0001a000
File Size:  96256       File Time:  2014-10-28_175008
Version:
   Company:    Microsoft Corporation
   Product:    Microsoft® Windows® Operating System
   FileDesc:   Microsoft AVI File support library
   FileVer:    6.3.9600.17415
   ProdVer:    6.3.9600.17415

Module 23
C:\WINDOWS\SYSTEM32\AVICAP32.dll
Image Base: 0x1c240000  Image Size: 0x00014000
File Size:  66560       File Time:  2014-10-28_175454
Version:
   Company:    Microsoft Corporation
   Product:    Microsoft® Windows® Operating System
   FileDesc:   AVI Capture window class
   FileVer:    6.3.9600.17415
   ProdVer:    6.3.9600.17415

Module 24
C:\WINDOWS\SYSTEM32\dsound.dll
Image Base: 0x50690000  Image Size: 0x00081000
File Size:  517120      File Time:  2014-10-28_174754
Version:
   Company:    Microsoft Corporation
   Product:    Microsoft® Windows® Operating System
   FileDesc:   DirectSound
   FileVer:    6.3.9600.17415
   ProdVer:    6.3.9600.17415

Module 25
C:\WINDOWS\SYSTEM32\DCIMAN32.dll
Image Base: 0x51e10000  Image Size: 0x00007000
File Size:  11776       File Time:  2014-10-28_180002
Version:
   Company:    Microsoft Corporation
   Product:    Microsoft® Windows® Operating System
   FileDesc:   DCI Manager
   FileVer:    6.3.9600.17415
   ProdVer:    6.3.9600.17415

Module 26
C:\WINDOWS\SYSTEM32\DDRAW.dll
Image Base: 0x51e20000  Image Size: 0x000ec000
File Size:  544256      File Time:  2014-10-28_165248
Version:
   Company:    Microsoft Corporation
   Product:    Microsoft® Windows® Operating System
   FileDesc:   Microsoft DirectDraw
   FileVer:    6.3.9600.17415
   ProdVer:    6.3.9600.17415

Module 27
C:\WINDOWS\SYSTEM32\GLU32.dll
Image Base: 0x51f10000  Image Size: 0x00025000
File Size:  140288      File Time:  2014-10-28_175952
Version:
   Company:    Microsoft Corporation
   Product:    Microsoft® Windows® Operating System
   FileDesc:   OpenGL Utility Library DLL
   FileVer:    6.3.9600.17415
   ProdVer:    6.3.9600.17415

Module 28
C:\WINDOWS\SYSTEM32\OPENGL32.dll
Image Base: 0x51f40000  Image Size: 0x000de000
File Size:  777728      File Time:  2014-10-28_175752
Version:
   Company:    Microsoft Corporation
   Product:    Microsoft® Windows® Operating System
   FileDesc:   OpenGL Client DLL
   FileVer:    6.3.9600.17415
   ProdVer:    6.3.9600.17415

Module 29
C:\WINDOWS\SYSTEM32\wdmaud.drv
Image Base: 0x53490000  Image Size: 0x00036000
File Size:  197120      File Time:  2014-10-28_165318
Version:
   Company:    Microsoft Corporation
   Product:    Microsoft® Windows® Operating System
   FileDesc:   Winmm  audio system driver
   FileVer:    6.3.9600.17415
   ProdVer:    6.3.9600.17415

Module 30
C:\Program Files (x86)\Meta\Meta SDK\Libraries\opencv\boost_system-vc110-mt-1_55.dll
Image Base: 0x534d0000  Image Size: 0x00008000
File Size:  16896       File Time:  2014-06-30_010436
Version:
   Company:    
   Product:    
   FileDesc:   
   FileVer:    0.0.0.0
   ProdVer:    0.0.0.0

Module 31
C:\WINDOWS\SYSTEM32\ksuser.dll
Image Base: 0x55a40000  Image Size: 0x00007000
File Size:  19096       File Time:  2014-10-28_190702
Version:
   Company:    Microsoft Corporation
   Product:    Microsoft® Windows® Operating System
   FileDesc:   User CSA Library
   FileVer:    6.3.9600.17415
   ProdVer:    6.3.9600.17415

Module 32
C:\WINDOWS\SYSTEM32\DNSAPI.dll
Image Base: 0x5a050000  Image Size: 0x0007e000
File Size:  498688      File Time:  2014-11-04_172044
Version:
   Company:    Microsoft Corporation
   Product:    Microsoft® Windows® Operating System
   FileDesc:   DNS Client API DLL
   FileVer:    6.3.9600.17481
   ProdVer:    6.3.9600.17481

Module 33
C:\WINDOWS\SYSTEM32\WINHTTP.dll
Image Base: 0x5ab70000  Image Size: 0x0009f000
File Size:  631808      File Time:  2014-10-28_165622
Version:
   Company:    Microsoft Corporation
   Product:    Microsoft® Windows® Operating System
   FileDesc:   Windows HTTP Services
   FileVer:    6.3.9600.17415
   ProdVer:    6.3.9600.17415

Module 34
C:\WINDOWS\SYSTEM32\AVRT.dll
Image Base: 0x67ff0000  Image Size: 0x0000a000
File Size:  31496       File Time:  2014-10-28_191134
Version:
   Company:    Microsoft Corporation
   Product:    Microsoft® Windows® Operating System
   FileDesc:   Multimedia Realtime Runtime
   FileVer:    6.3.9600.17415
   ProdVer:    6.3.9600.17415

Module 35
C:\WINDOWS\WinSxS\x86_microsoft.windows.common-controls_6595b64144ccf1df_6.0.9600.17415_none_a9ed7f470139b3c1\comctl32.dll
Image Base: 0x6aef0000  Image Size: 0x00206000
File Size:  2105856     File Time:  2014-10-28_180302
Version:
   Company:    Microsoft Corporation
   Product:    Microsoft® Windows® Operating System
   FileDesc:   User Experience Controls Library
   FileVer:    6.10.9600.17415
   ProdVer:    6.3.9600.17415

Module 36
C:\WINDOWS\SYSTEM32\WINMMBASE.dll
Image Base: 0x6b5d0000  Image Size: 0x00023000
File Size:  134280      File Time:  2014-10-28_190702
Version:
   Company:    Microsoft Corporation
   Product:    Microsoft® Windows® Operating System
   FileDesc:   Base Multimedia Extension API DLL
   FileVer:    6.3.9600.17415
   ProdVer:    6.3.9600.17415

Module 37
C:\WINDOWS\SYSTEM32\igd10iumd32.dll
Image Base: 0x6d5d0000  Image Size: 0x00b42000
File Size:  11815600    File Time:  2014-10-01_195406
Version:
   Company:    Intel Corporation
   Product:    Intel HD Graphics Drivers for Windows 8(R)
   FileDesc:   User Mode Driver for Intel(R) Graphics Technology
   FileVer:    10.18.10.3958
   ProdVer:    10.18.10.3958

Module 38
C:\WINDOWS\SYSTEM32\midimap.dll
Image Base: 0x6e530000  Image Size: 0x00008000
File Size:  18944       File Time:  2014-10-28_175824
Version:
   Company:    Microsoft Corporation
   Product:    Microsoft® Windows® Operating System
   FileDesc:   Microsoft MIDI Mapper
   FileVer:    6.3.9600.17415
   ProdVer:    6.3.9600.17415

Module 39
C:\WINDOWS\SYSTEM32\MSACM32.dll
Image Base: 0x6e540000  Image Size: 0x00017000
File Size:  89816       File Time:  2014-10-28_190702
Version:
   Company:    Microsoft Corporation
   Product:    Microsoft® Windows® Operating System
   FileDesc:   Microsoft ACM Audio Filter
   FileVer:    6.3.9600.17415
   ProdVer:    6.3.9600.17415

Module 40
C:\Users\kaharri\Documents\GitHub\metahack\SWPlanets_Data\Plugins\slampp.dll
Image Base: 0x6e970000  Image Size: 0x00098000
File Size:  587776      File Time:  2015-03-07_132214
Version:
   Company:    SLAM Plus Plus Ltd.
   Product:    SLAM++ Middleware Library.
   FileDesc:   SLAM++ Middleware Library.
   FileVer:    1.0.1.0
   ProdVer:    1.0.1.0

Module 41
C:\Users\kaharri\Documents\GitHub\metahack\SWPlanets_Data\Plugins\AudioSensor.dll
Image Base: 0x6ea10000  Image Size: 0x00008000
File Size:  15872       File Time:  2015-03-07_132214
Version:
   Company:    
   Product:    
   FileDesc:   
   FileVer:    0.0.0.0
   ProdVer:    0.0.0.0

Module 42
C:\Users\kaharri\Documents\GitHub\metahack\SWPlanets_Data\Plugins\MetaThreading.dll
Image Base: 0x6ea20000  Image Size: 0x00010000
File Size:  54272       File Time:  2015-03-07_132214
Version:
   Company:    
   Product:    
   FileDesc:   
   FileVer:    0.0.0.0
   ProdVer:    0.0.0.0

Module 43
C:\Users\kaharri\Documents\GitHub\metahack\SWPlanets_Data\Plugins\Meta1ClientServer.dll
Image Base: 0x6ea30000  Image Size: 0x00018000
File Size:  86528       File Time:  2015-03-07_132214
Version:
   Company:    
   Product:    
   FileDesc:   
   FileVer:    0.0.0.0
   ProdVer:    0.0.0.0

Module 44
C:\Users\kaharri\Documents\GitHub\metahack\SWPlanets_Data\Plugins\MetaCOM.dll
Image Base: 0x6ea50000  Image Size: 0x00006000
File Size:  8192        File Time:  2015-03-07_132214
Version:
   Company:    
   Product:    
   FileDesc:   
   FileVer:    0.0.0.0
   ProdVer:    0.0.0.0

Module 45
C:\Users\kaharri\Documents\GitHub\metahack\SWPlanets_Data\Plugins\MetaPTAM.dll
Image Base: 0x6ea60000  Image Size: 0x00009000
File Size:  20992       File Time:  2015-03-07_132214
Version:
   Company:    
   Product:    
   FileDesc:   
   FileVer:    0.0.0.0
   ProdVer:    0.0.0.0

Module 46
C:\Users\kaharri\Documents\GitHub\metahack\SWPlanets_Data\Plugins\MetaSLAMPP.dll
Image Base: 0x6ea70000  Image Size: 0x0000a000
File Size:  23552       File Time:  2015-03-07_132214
Version:
   Company:    
   Product:    
   FileDesc:   
   FileVer:    0.0.0.0
   ProdVer:    0.0.0.0

Module 47
C:\Users\kaharri\Documents\GitHub\metahack\SWPlanets_Data\Plugins\ImageSource.dll
Image Base: 0x6ea80000  Image Size: 0x00034000
File Size:  66560       File Time:  2015-03-07_132214
Version:
   Company:    
   Product:    
   FileDesc:   
   FileVer:    0.0.0.0
   ProdVer:    0.0.0.0

Module 48
C:\Users\kaharri\Documents\GitHub\metahack\SWPlanets_Data\Plugins\Playback.dll
Image Base: 0x6eac0000  Image Size: 0x00016000
File Size:  73728       File Time:  2015-03-07_132214
Version:
   Company:    
   Product:    
   FileDesc:   
   FileVer:    0.0.0.0
   ProdVer:    0.0.0.0

Module 49
C:\Users\kaharri\Documents\GitHub\metahack\SWPlanets_Data\Plugins\Utils.dll
Image Base: 0x6eae0000  Image Size: 0x00015000
File Size:  69120       File Time:  2015-03-07_132214
Version:
   Company:    
   Product:    
   FileDesc:   
   FileVer:    0.0.0.0
   ProdVer:    0.0.0.0

Module 50
C:\Users\kaharri\Documents\GitHub\metahack\SWPlanets_Data\Plugins\Common.dll
Image Base: 0x6eb00000  Image Size: 0x00009000
File Size:  19968       File Time:  2015-03-07_132214
Version:
   Company:    
   Product:    
   FileDesc:   
   FileVer:    0.0.0.0
   ProdVer:    0.0.0.0

Module 51
C:\Users\kaharri\Documents\GitHub\metahack\SWPlanets_Data\Plugins\Sensors.dll
Image Base: 0x6eb10000  Image Size: 0x00008000
File Size:  13824       File Time:  2015-03-07_132214
Version:
   Company:    
   Product:    
   FileDesc:   
   FileVer:    0.0.0.0
   ProdVer:    0.0.0.0

Module 52
C:\Users\kaharri\Documents\GitHub\metahack\SWPlanets_Data\Plugins\DepthSenseCamera.dll
Image Base: 0x6eb20000  Image Size: 0x00019000
File Size:  88064       File Time:  2015-03-07_132214
Version:
   Company:    
   Product:    
   FileDesc:   
   FileVer:    0.0.0.0
   ProdVer:    0.0.0.0

Module 53
C:\Users\kaharri\Documents\GitHub\metahack\SWPlanets_Data\Plugins\SLAM.dll
Image Base: 0x6eb40000  Image Size: 0x00046000
File Size:  270336      File Time:  2015-03-07_132214
Version:
   Company:    
   Product:    
   FileDesc:   
   FileVer:    0.0.0.0
   ProdVer:    0.0.0.0

Module 54
C:\Users\kaharri\Documents\GitHub\metahack\SWPlanets_Data\Plugins\RecordData.dll
Image Base: 0x6eb90000  Image Size: 0x00010000
File Size:  53760       File Time:  2015-03-07_132214
Version:
   Company:    
   Product:    
   FileDesc:   
   FileVer:    0.0.0.0
   ProdVer:    0.0.0.0

Module 55
C:\Users\kaharri\Documents\GitHub\metahack\SWPlanets_Data\Plugins\UnityDisplay.dll
Image Base: 0x6eba0000  Image Size: 0x0000a000
File Size:  25600       File Time:  2015-03-07_132214
Version:
   Company:    
   Product:    
   FileDesc:   
   FileVer:    0.0.0.0
   ProdVer:    0.0.0.0

Module 56
C:\Users\kaharri\Documents\GitHub\metahack\SWPlanets_Data\Plugins\CanvasTracker.dll
Image Base: 0x6ebb0000  Image Size: 0x00033000
File Size:  193536      File Time:  2015-03-07_132214
Version:
   Company:    
   Product:    
   FileDesc:   
   FileVer:    0.0.0.0
   ProdVer:    0.0.0.0

Module 57
C:\Users\kaharri\Documents\GitHub\metahack\SWPlanets_Data\Plugins\ATMarkerTracker.dll
Image Base: 0x6ebf0000  Image Size: 0x0001d000
File Size:  96256       File Time:  2015-03-07_132214
Version:
   Company:    
   Product:    
   FileDesc:   
   FileVer:    0.0.0.0
   ProdVer:    0.0.0.0

Module 58
C:\Users\kaharri\Documents\GitHub\metahack\SWPlanets_Data\Plugins\COMSlam.dll
Image Base: 0x6ec10000  Image Size: 0x00012000
File Size:  59392       File Time:  2015-03-07_132214
Version:
   Company:    
   Product:    
   FileDesc:   
   FileVer:    0.0.0.0
   ProdVer:    0.0.0.0

Module 59
C:\Users\kaharri\Documents\GitHub\metahack\SWPlanets_Data\Plugins\Hands.dll
Image Base: 0x6ec30000  Image Size: 0x00057000
File Size:  316416      File Time:  2015-03-07_132214
Version:
   Company:    
   Product:    
   FileDesc:   
   FileVer:    0.0.0.0
   ProdVer:    0.0.0.0

Module 60
C:\Users\kaharri\Documents\GitHub\metahack\SWPlanets_Data\Plugins\MetaSlave.dll
Image Base: 0x6ec90000  Image Size: 0x0000d000
File Size:  37888       File Time:  2015-03-07_132214
Version:
   Company:    
   Product:    
   FileDesc:   
   FileVer:    0.0.0.0
   ProdVer:    0.0.0.0

Module 61
C:\Users\kaharri\Documents\GitHub\metahack\SWPlanets_Data\Plugins\MetaMaster.dll
Image Base: 0x6eca0000  Image Size: 0x00011000
File Size:  56320       File Time:  2015-03-07_132214
Version:
   Company:    
   Product:    
   FileDesc:   
   FileVer:    0.0.0.0
   ProdVer:    0.0.0.0

Module 62
C:\Users\kaharri\Documents\GitHub\metahack\SWPlanets_Data\Plugins\MotionSensor.dll
Image Base: 0x6ecc0000  Image Size: 0x00024000
File Size:  134656      File Time:  2015-03-07_132214
Version:
   Company:    
   Product:    
   FileDesc:   
   FileVer:    0.0.0.0
   ProdVer:    0.0.0.0

Module 63
C:\WINDOWS\SYSTEM32\msacm32.drv
Image Base: 0x6f2b0000  Image Size: 0x00009000
File Size:  23040       File Time:  2014-10-28_175432
Version:
   Company:    Microsoft Corporation
   Product:    Microsoft® Windows® Operating System
   FileDesc:   Microsoft Sound Mapper
   FileVer:    6.3.9600.17415
   ProdVer:    6.3.9600.17415

Module 64
C:\Users\kaharri\Documents\GitHub\metahack\SWPlanets_Data\Plugins\MetaVisionDLL.dll
Image Base: 0x6f2d0000  Image Size: 0x00017000
File Size:  81408       File Time:  2015-03-07_132214
Version:
   Company:    
   Product:    
   FileDesc:   
   FileVer:    0.0.0.0
   ProdVer:    0.0.0.0

Module 65
C:\WINDOWS\system32\dwmapi.dll
Image Base: 0x6f900000  Image Size: 0x0001a000
File Size:  102728      File Time:  2014-10-28_191204
Version:
   Company:    Microsoft Corporation
   Product:    Microsoft® Windows® Operating System
   FileDesc:   Microsoft Desktop Window Manager API
   FileVer:    6.3.9600.17415
   ProdVer:    6.3.9600.17415

Module 66
C:\WINDOWS\SYSTEM32\dbghelp.dll
Image Base: 0x6fc40000  Image Size: 0x00141000
File Size:  1207296     File Time:  2014-10-28_165954
Version:
   Company:    Microsoft Corporation
   Product:    Microsoft® Windows® Operating System
   FileDesc:   Windows Image Helper
   FileVer:    6.3.9600.17415
   ProdVer:    6.3.9600.17415

Module 67
C:\WINDOWS\SYSTEM32\ntmarta.dll
Image Base: 0x6fd90000  Image Size: 0x00028000
File Size:  154392      File Time:  2014-10-28_191538
Version:
   Company:    Microsoft Corporation
   Product:    Microsoft® Windows® Operating System
   FileDesc:   Windows NT MARTA provider
   FileVer:    6.3.9600.17415
   ProdVer:    6.3.9600.17415

Module 68
C:\WINDOWS\SYSTEM32\WINMM.dll
Image Base: 0x6fdd0000  Image Size: 0x00023000
File Size:  136840      File Time:  2014-10-28_190702
Version:
   Company:    Microsoft Corporation
   Product:    Microsoft® Windows® Operating System
   FileDesc:   MCI API DLL
   FileVer:    6.3.9600.17415
   ProdVer:    6.3.9600.17415

Module 69
C:\WINDOWS\system32\uxtheme.dll
Image Base: 0x6fe50000  Image Size: 0x000ed000
File Size:  949760      File Time:  2014-10-28_164830
Version:
   Company:    Microsoft Corporation
   Product:    Microsoft® Windows® Operating System
   FileDesc:   Microsoft UxTheme Library
   FileVer:    6.3.9600.17415
   ProdVer:    6.3.9600.17415

Module 70
C:\WINDOWS\SYSTEM32\igdusc32.dll
Image Base: 0x6ffb0000  Image Size: 0x0037d000
File Size:  3663128     File Time:  2014-10-01_195422
Version:
   Company:    Intel Corporation
   Product:    Intel HD Graphics Drivers for Windows 8(R)
   FileDesc:   Unified Shader Compiler for Intel(R) Graphics Accelerator
   FileVer:    10.18.10.3958
   ProdVer:    10.18.10.3958

Module 71
C:\WINDOWS\SYSTEM32\d3d11.dll
Image Base: 0x70330000  Image Size: 0x001d9000
File Size:  1946144     File Time:  2014-10-28_191204
Version:
   Company:    Microsoft Corporation
   Product:    Microsoft® Windows® Operating System
   FileDesc:   Direct3D 11 Runtime
   FileVer:    6.3.9600.17415
   ProdVer:    6.3.9600.17415

Module 72
C:\WINDOWS\SYSTEM32\dxgi.dll
Image Base: 0x70510000  Image Size: 0x00069000
File Size:  430176      File Time:  2014-10-28_191204
Version:
   Company:    Microsoft Corporation
   Product:    Microsoft® Windows® Operating System
   FileDesc:   DirectX Graphics Infrastructure
   FileVer:    6.3.9600.17415
   ProdVer:    6.3.9600.17415

Module 73
C:\Program Files (x86)\Common Files\microsoft shared\ink\tiptsf.dll
Image Base: 0x70740000  Image Size: 0x0007d000
File Size:  493056      File Time:  2014-10-28_164914
Version:
   Company:    Microsoft Corporation
   Product:    Microsoft® Windows® Operating System
   FileDesc:   Touch Keyboard and Handwriting Panel Text Services Framework
   FileVer:    6.3.9600.17415
   ProdVer:    6.3.9600.17415

Module 74
C:\WINDOWS\SYSTEM32\powrprof.dll
Image Base: 0x707c0000  Image Size: 0x00040000
File Size:  255136      File Time:  2014-10-28_191846
Version:
   Company:    Microsoft Corporation
   Product:    Microsoft® Windows® Operating System
   FileDesc:   Power Profile Helper DLL
   FileVer:    6.3.9600.17415
   ProdVer:    6.3.9600.17415

Module 75
C:\WINDOWS\SYSTEM32\AUDIOSES.DLL
Image Base: 0x70800000  Image Size: 0x00060000
File Size:  370424      File Time:  2014-10-28_190710
Version:
   Company:    Microsoft Corporation
   Product:    Microsoft® Windows® Operating System
   FileDesc:   Audio Session
   FileVer:    6.3.9600.17415
   ProdVer:    6.3.9600.17415

Module 76
C:\WINDOWS\SYSTEM32\MMDevAPI.DLL
Image Base: 0x70860000  Image Size: 0x00053000
File Size:  331048      File Time:  2014-10-28_190702
Version:
   Company:    Microsoft Corporation
   Product:    Microsoft® Windows® Operating System
   FileDesc:   MMDevice API
   FileVer:    6.3.9600.17415
   ProdVer:    6.3.9600.17415

Module 77
C:\WINDOWS\SYSTEM32\oleacc.dll
Image Base: 0x708c0000  Image Size: 0x00050000
File Size:  306688      File Time:  2014-10-28_165806
Version:
   Company:    Microsoft Corporation
   Product:    Microsoft® Windows® Operating System
   FileDesc:   Active Accessibility Core Component
   FileVer:    7.2.9600.17415
   ProdVer:    6.3.9600.17415

Module 78
C:\WINDOWS\SYSTEM32\IPHLPAPI.DLL
Image Base: 0x70e80000  Image Size: 0x00020000
File Size:  120864      File Time:  2014-10-28_190516
Version:
   Company:    Microsoft Corporation
   Product:    Microsoft® Windows® Operating System
   FileDesc:   IP Helper API
   FileVer:    6.3.9600.17415
   ProdVer:    6.3.9600.17415

Module 79
C:\WINDOWS\SYSTEM32\NTASN1.dll
Image Base: 0x70ef0000  Image Size: 0x00029000
File Size:  165728      File Time:  2014-10-28_191538
Version:
   Company:    Microsoft Corporation
   Product:    Microsoft® Windows® Operating System
   FileDesc:   Microsoft ASN.1 API
   FileVer:    6.3.9600.17415
   ProdVer:    6.3.9600.17415

Module 80
C:\WINDOWS\SYSTEM32\WINNSI.DLL
Image Base: 0x70f30000  Image Size: 0x00008000
File Size:  26304       File Time:  2014-10-28_190516
Version:
   Company:    Microsoft Corporation
   Product:    Microsoft® Windows® Operating System
   FileDesc:   Network Store Information RPC interface
   FileVer:    6.3.9600.17415
   ProdVer:    6.3.9600.17415

Module 81
C:\WINDOWS\SYSTEM32\ncrypt.dll
Image Base: 0x70f90000  Image Size: 0x0001f000
File Size:  119800      File Time:  2014-10-28_191538
Version:
   Company:    Microsoft Corporation
   Product:    Microsoft® Windows® Operating System
   FileDesc:   Windows NCrypt Router
   FileVer:    6.3.9600.17415
   ProdVer:    6.3.9600.17415

Module 82
C:\WINDOWS\system32\apphelp.dll
Image Base: 0x713a0000  Image Size: 0x000a0000
File Size:  642560      File Time:  2014-10-28_180014
Version:
   Company:    Microsoft Corporation
   Product:    Microsoft® Windows® Operating System
   FileDesc:   Application Compatibility Client Library
   FileVer:    6.3.9600.17415
   ProdVer:    6.3.9600.17415

Module 83
C:\WINDOWS\SYSTEM32\MSWSOCK.dll
Image Base: 0x72570000  Image Size: 0x0004b000
File Size:  286208      File Time:  2014-10-28_170618
Version:
   Company:    Microsoft Corporation
   Product:    Microsoft® Windows® Operating System
   FileDesc:   Microsoft Windows Sockets 2.0 Service Provider
   FileVer:    6.3.9600.17415
   ProdVer:    6.3.9600.17415

Module 84
C:\WINDOWS\SYSTEM32\MSVCP100.dll
Image Base: 0x725d0000  Image Size: 0x00069000
File Size:  421200      File Time:  2011-06-11_015852
Version:
   Company:    Microsoft Corporation
   Product:    Microsoft® Visual Studio® 2010
   FileDesc:   Microsoft® C Runtime Library
   FileVer:    10.0.40219.325
   ProdVer:    10.0.40219.325

Module 85
C:\WINDOWS\SYSTEM32\MSVCR100.dll
Image Base: 0x72640000  Image Size: 0x000bf000
File Size:  773968      File Time:  2011-06-11_015852
Version:
   Company:    Microsoft Corporation
   Product:    Microsoft® Visual Studio® 2010
   FileDesc:   Microsoft® C Runtime Library
   FileVer:    10.0.40219.325
   ProdVer:    10.0.40219.325

Module 86
C:\WINDOWS\SYSTEM32\DEVOBJ.dll
Image Base: 0x73120000  Image Size: 0x00021000
File Size:  127552      File Time:  2014-10-28_191842
Version:
   Company:    Microsoft Corporation
   Product:    Microsoft® Windows® Operating System
   FileDesc:   Device Information Set DLL
   FileVer:    6.3.9600.17415
   ProdVer:    6.3.9600.17415

Module 87
C:\WINDOWS\SYSTEM32\bcrypt.dll
Image Base: 0x731d0000  Image Size: 0x0001e000
File Size:  111104      File Time:  2014-10-28_170548
Version:
   Company:    Microsoft Corporation
   Product:    Microsoft® Windows® Operating System
   FileDesc:   Windows Cryptographic Primitives Library
   FileVer:    6.3.9600.17415
   ProdVer:    6.3.9600.17415

Module 88
C:\WINDOWS\SYSTEM32\shcore.dll
Image Base: 0x74b80000  Image Size: 0x0008b000
File Size:  560392      File Time:  2014-10-28_191056
Version:
   Company:    Microsoft Corporation
   Product:    Microsoft® Windows® Operating System
   FileDesc:   SHCORE
   FileVer:    6.3.9600.17415
   ProdVer:    6.3.9600.17415

Module 89
C:\WINDOWS\SYSTEM32\profapi.dll
Image Base: 0x74c10000  Image Size: 0x0000f000
File Size:  52152       File Time:  2014-10-28_190516
Version:
   Company:    Microsoft Corporation
   Product:    Microsoft® Windows® Operating System
   FileDesc:   User Profile Basic API
   FileVer:    6.3.9600.17415
   ProdVer:    6.3.9600.17415

Module 90
C:\WINDOWS\SYSTEM32\VERSION.dll
Image Base: 0x74e80000  Image Size: 0x00008000
File Size:  26304       File Time:  2014-10-28_191056
Version:
   Company:    Microsoft Corporation
   Product:    Microsoft® Windows® Operating System
   FileDesc:   Version Checking and File Installation Libraries
   FileVer:    6.3.9600.17415
   ProdVer:    6.3.9600.17415

Module 91
C:\WINDOWS\SYSTEM32\HID.DLL
Image Base: 0x75070000  Image Size: 0x0000a000
File Size:  26624       File Time:  2014-10-28_170540
Version:
   Company:    Microsoft Corporation
   Product:    Microsoft® Windows® Operating System
   FileDesc:   Hid User Library
   FileVer:    6.3.9600.17415
   ProdVer:    6.3.9600.17415

Module 92
C:\WINDOWS\SYSTEM32\kernel.appcore.dll
Image Base: 0x75080000  Image Size: 0x00009000
File Size:  29920       File Time:  2014-10-28_191848
Version:
   Company:    Microsoft Corporation
   Product:    Microsoft® Windows® Operating System
   FileDesc:   AppModel API Host
   FileVer:    6.3.9600.17415
   ProdVer:    6.3.9600.17415

Module 93
C:\WINDOWS\SYSTEM32\bcryptPrimitives.dll
Image Base: 0x75140000  Image Size: 0x00054000
File Size:  340848      File Time:  2014-10-28_191538
Version:
   Company:    Microsoft Corporation
   Product:    Microsoft® Windows® Operating System
   FileDesc:   Windows Cryptographic Primitives Library
   FileVer:    6.3.9600.17415
   ProdVer:    6.3.9600.17415

Module 94
C:\WINDOWS\SYSTEM32\CRYPTBASE.dll
Image Base: 0x751a0000  Image Size: 0x0000a000
File Size:  30984       File Time:  2014-10-28_190516
Version:
   Company:    Microsoft Corporation
   Product:    Microsoft® Windows® Operating System
   FileDesc:   Base cryptographic API DLL
   FileVer:    6.3.9600.17415
   ProdVer:    6.3.9600.17415

Module 95
C:\WINDOWS\SYSTEM32\SspiCli.dll
Image Base: 0x751b0000  Image Size: 0x0001e000
File Size:  104960      File Time:  2014-10-28_170606
Version:
   Company:    Microsoft Corporation
   Product:    Microsoft® Windows® Operating System
   FileDesc:   Security Support Provider Interface
   FileVer:    6.3.9600.17415
   ProdVer:    6.3.9600.17415

Module 96
C:\WINDOWS\SYSTEM32\IMM32.dll
Image Base: 0x751f0000  Image Size: 0x00027000
File Size:  141312      File Time:  2014-10-28_175950
Version:
   Company:    Microsoft Corporation
   Product:    Microsoft® Windows® Operating System
   FileDesc:   Multi-User Windows IMM32 API Client DLL
   FileVer:    6.3.9600.17415
   ProdVer:    6.3.9600.17415

Module 97
C:\WINDOWS\SYSTEM32\ADVAPI32.dll
Image Base: 0x75220000  Image Size: 0x0007c000
File Size:  507152      File Time:  2014-10-28_190614
Version:
   Company:    Microsoft Corporation
   Product:    Microsoft® Windows® Operating System
   FileDesc:   Advanced Windows 32 Base API
   FileVer:    6.3.9600.17415
   ProdVer:    6.3.9600.17415

Module 98
C:\WINDOWS\SYSTEM32\sechost.dll
Image Base: 0x752a0000  Image Size: 0x00041000
File Size:  257216      File Time:  2014-10-28_190516
Version:
   Company:    Microsoft Corporation
   Product:    Microsoft® Windows® Operating System
   FileDesc:   Host for SCM/SDDL/LSA Lookup APIs
   FileVer:    6.3.9600.17415
   ProdVer:    6.3.9600.17415

Module 99
C:\WINDOWS\SYSTEM32\GDI32.dll
Image Base: 0x753f0000  Image Size: 0x0010e000
File Size:  1096704     File Time:  2014-10-28_171020
Version:
   Company:    Microsoft Corporation
   Product:    Microsoft® Windows® Operating System
   FileDesc:   GDI Client DLL
   FileVer:    6.3.9600.17415
   ProdVer:    6.3.9600.17415

Module 100
C:\WINDOWS\SYSTEM32\MSCTF.dll
Image Base: 0x75500000  Image Size: 0x00113000
File Size:  1127976     File Time:  2014-11-08_022336
Version:
   Company:    Microsoft Corporation
   Product:    Microsoft® Windows® Operating System
   FileDesc:   MSCTF Server DLL
   FileVer:    6.3.9600.17484
   ProdVer:    6.3.9600.17484

Module 101
C:\WINDOWS\SYSTEM32\SHLWAPI.dll
Image Base: 0x75620000  Image Size: 0x00045000
File Size:  278352      File Time:  2014-10-28_191056
Version:
   Company:    Microsoft Corporation
   Product:    Microsoft® Windows® Operating System
   FileDesc:   Shell Light-weight Utility Library
   FileVer:    6.3.9600.17415
   ProdVer:    6.3.9600.17415

Module 102
C:\WINDOWS\SYSTEM32\WS2_32.dll
Image Base: 0x75800000  Image Size: 0x00050000
File Size:  321248      File Time:  2014-10-28_190516
Version:
   Company:    Microsoft Corporation
   Product:    Microsoft® Windows® Operating System
   FileDesc:   Windows Socket 2.0 32-Bit DLL
   FileVer:    6.3.9600.17415
   ProdVer:    6.3.9600.17415

Module 103
C:\WINDOWS\SYSTEM32\OLEAUT32.dll
Image Base: 0x75890000  Image Size: 0x00095000
File Size:  602768      File Time:  2014-10-28_190820
Version:
   Company:    Microsoft Corporation
   Product:    
   FileDesc:   
   FileVer:    6.3.9600.17415
   ProdVer:    6.3.9600.17415

Module 104
C:\WINDOWS\SYSTEM32\cfgmgr32.dll
Image Base: 0x75930000  Image Size: 0x0003c000
File Size:  241168      File Time:  2014-10-28_191848
Version:
   Company:    Microsoft Corporation
   Product:    Microsoft® Windows® Operating System
   FileDesc:   Configuration Manager DLL
   FileVer:    6.3.9600.17415
   ProdVer:    6.3.9600.17415

Module 105
C:\WINDOWS\SYSTEM32\combase.dll
Image Base: 0x759e0000  Image Size: 0x0017d000
File Size:  1564464     File Time:  2014-10-28_191002
Version:
   Company:    Microsoft Corporation
   Product:    Microsoft® Windows® Operating System
   FileDesc:   Microsoft COM for Windows
   FileVer:    6.3.9600.17415
   ProdVer:    6.3.9600.17415

Module 106
C:\WINDOWS\SYSTEM32\PSAPI.DLL
Image Base: 0x75b60000  Image Size: 0x00006000
File Size:  16504       File Time:  2014-10-28_191844
Version:
   Company:    Microsoft Corporation
   Product:    Microsoft® Windows® Operating System
   FileDesc:   Process Status Helper
   FileVer:    6.3.9600.17415
   ProdVer:    6.3.9600.17415

Module 107
C:\WINDOWS\SYSTEM32\clbcatq.dll
Image Base: 0x75b70000  Image Size: 0x0008d000
File Size:  569128      File Time:  2014-10-28_191002
Version:
   Company:    Microsoft Corporation
   Product:    Microsoft® Windows® Operating System
   FileDesc:   COM+ Configuration Catalog
   FileVer:    2001.12.10530.17415
   ProdVer:    6.3.9600.17415

Module 108
C:\WINDOWS\SYSTEM32\RPCRT4.dll
Image Base: 0x75c00000  Image Size: 0x000ba000
File Size:  747008      File Time:  2014-10-28_170756
Version:
   Company:    Microsoft Corporation
   Product:    Microsoft® Windows® Operating System
   FileDesc:   Remote Procedure Call Runtime
   FileVer:    6.3.9600.17415
   ProdVer:    6.3.9600.17415

Module 109
C:\WINDOWS\SYSTEM32\SETUPAPI.dll
Image Base: 0x75cc0000  Image Size: 0x001b1000
File Size:  1782912     File Time:  2014-10-28_191848
Version:
   Company:    Microsoft Corporation
   Product:    Microsoft® Windows® Operating System
   FileDesc:   Windows Setup API
   FileVer:    6.3.9600.17415
   ProdVer:    6.3.9600.17415

Module 110
C:\WINDOWS\SYSTEM32\USER32.dll
Image Base: 0x75e80000  Image Size: 0x00153000
File Size:  1376256     File Time:  2014-10-28_170436
Version:
   Company:    Microsoft Corporation
   Product:    Microsoft® Windows® Operating System
   FileDesc:   Multi-User Windows USER API Client DLL
   FileVer:    6.3.9600.17415
   ProdVer:    6.3.9600.17415

Module 111
C:\WINDOWS\SYSTEM32\KERNEL32.DLL
Image Base: 0x75fe0000  Image Size: 0x00140000
File Size:  1040384     File Time:  2014-10-28_175824
Version:
   Company:    Microsoft Corporation
   Product:    Microsoft® Windows® Operating System
   FileDesc:   Windows NT BASE API Client DLL
   FileVer:    6.3.9600.17415
   ProdVer:    6.3.9600.17415

Module 112
C:\WINDOWS\SYSTEM32\KERNELBASE.dll
Image Base: 0x76120000  Image Size: 0x000d7000
File Size:  862720      File Time:  2014-10-28_180316
Version:
   Company:    Microsoft Corporation
   Product:    Microsoft® Windows® Operating System
   FileDesc:   Windows NT BASE API Client DLL
   FileVer:    6.3.9600.17415
   ProdVer:    6.3.9600.17415

Module 113
C:\WINDOWS\SYSTEM32\SHELL32.dll
Image Base: 0x76200000  Image Size: 0x012ac000
File Size:  19731824    File Time:  2014-11-10_161736
Version:
   Company:    Microsoft Corporation
   Product:    Microsoft® Windows® Operating System
   FileDesc:   Windows Shell Common Dll
   FileVer:    6.3.9600.17485
   ProdVer:    6.3.9600.17485

Module 114
C:\WINDOWS\SYSTEM32\NSI.dll
Image Base: 0x774b0000  Image Size: 0x00007000
File Size:  20120       File Time:  2014-10-28_190516
Version:
   Company:    Microsoft Corporation
   Product:    Microsoft® Windows® Operating System
   FileDesc:   NSI User-mode interface DLL
   FileVer:    6.3.9600.17415
   ProdVer:    6.3.9600.17415

Module 115
C:\WINDOWS\SYSTEM32\msvcrt.dll
Image Base: 0x774e0000  Image Size: 0x000c3000
File Size:  800008      File Time:  2014-10-28_190630
Version:
   Company:    Microsoft Corporation
   Product:    Microsoft® Windows® Operating System
   FileDesc:   Windows NT CRT DLL
   FileVer:    7.0.9600.17415
   ProdVer:    6.1.8638.17415

Module 116
C:\WINDOWS\SYSTEM32\ole32.dll
Image Base: 0x777b0000  Image Size: 0x00128000
File Size:  1209624     File Time:  2014-10-28_191002
Version:
   Company:    Microsoft Corporation
   Product:    Microsoft® Windows® Operating System
   FileDesc:   Microsoft OLE for Windows
   FileVer:    6.3.9600.17415
   ProdVer:    6.3.9600.17415

Module 117
C:\WINDOWS\SYSTEM32\ntdll.dll
Image Base: 0x779b0000  Image Size: 0x0016e000
File Size:  1498360     File Time:  2015-01-10_002806
Version:
   Company:    Microsoft Corporation
   Product:    Microsoft® Windows® Operating System
   FileDesc:   NT Layer DLL
   FileVer:    6.3.9600.17630
   ProdVer:    6.3.9600.17630


== [end of error.log] ==
